<?xml version="1.0" encoding="UTF-8"?>
<!-- Generated by org.testng.reporters.JUnitXMLReporter -->
<testsuite ignored="0" hostname="DESKTOP-A1H2EAB" failures="0" tests="6" name="Default test" time="0.204" errors="0" timestamp="2023-03-01T11:55:05 IST">
  <testcase classname="Interview.Interview_Programs" name="fibanacci" time="0.032"/>
  <testcase classname="Interview.Interview_Programs" name="prime_Number" time="0.002"/>
  <testcase classname="Interview.Interview_Programs" name="reverse_Pallindrome" time="0.004"/>
  <testcase classname="Interview.Interview_Programs" name="pallindrome" time="0.004"/>
  <testcase classname="Interview.Interview_Programs" name="find_Duplicate_Characters" time="0.007"/>
  <testcase classname="Interview.Interview_Programs" name="find_duplicate_Words" time="0.003"/>
</testsuite> <!-- Default test -->
