<?xml version="1.0" encoding="UTF-8"?>
<!-- Generated by org.testng.reporters.JUnitXMLReporter -->
<testsuite ignored="1" hostname="DESKTOP-A1H2EAB" failures="0" tests="6" name="Test" time="0.113" errors="0" timestamp="2023-03-01T13:10:15 IST">
  <testcase classname="Strings.Duplicates" name="duplicate_Character" time="0.016"/>
  <testcase classname="Interview.Interview_Programs" name="fibanacci" time="0.002"/>
  <testcase classname="Interview.Interview_Programs" name="prime_Number" time="0.001"/>
  <testcase classname="Interview.Interview_Programs" name="reverse_Pallindrome" time="0.003"/>
  <testcase classname="Interview.Interview_Programs" name="pallindrome" time="0.002"/>
  <testcase classname="Interview.Interview_Programs" name="find_Duplicate_Characters" time="0.004"/>
  <testcase classname="Interview.Interview_Programs" name="find_duplicate_Words" time="0.0">
    <ignored/>
  </testcase> <!-- find_duplicate_Words -->
</testsuite> <!-- Test -->
