<?xml version="1.0" encoding="UTF-8"?>
<testng-results ignored="0" total="1" passed="1" failed="0" skipped="0">
  <reporter-output>
  </reporter-output>
  <suite started-at="2023-02-24T14:33:43 IST" name="Suite" finished-at="2023-02-24T14:33:43 IST" duration-ms="73">
    <groups>
    </groups>
    <test started-at="2023-02-24T14:33:43 IST" name="Test" finished-at="2023-02-24T14:33:43 IST" duration-ms="73">
      <class name="Strings.Duplicates">
        <test-method signature="duplicate_Character()[pri:0, instance:Strings.Duplicates@316bcf94]" started-at="2023-02-24T14:33:43 IST" name="duplicate_Character" finished-at="2023-02-24T14:33:43 IST" duration-ms="13" status="PASS">
          <reporter-output>
          </reporter-output>
        </test-method> <!-- duplicate_Character -->
      </class> <!-- Strings.Duplicates -->
    </test> <!-- Test -->
  </suite> <!-- Suite -->
</testng-results>
