<?xml version="1.0" encoding="UTF-8"?>
<testng-results skipped="0" failed="0" ignored="0" total="1" passed="1">
  <reporter-output>
  </reporter-output>
  <suite name="Suite" duration-ms="114" started-at="2023-02-24T19:02:14 IST" finished-at="2023-02-24T19:02:14 IST">
    <groups>
    </groups>
    <test name="Test" duration-ms="114" started-at="2023-02-24T19:02:14 IST" finished-at="2023-02-24T19:02:14 IST">
      <class name="Strings.Duplicates">
        <test-method status="PASS" signature="duplicate_Character()[pri:0, instance:Strings.Duplicates@cb0ed20]" name="duplicate_Character" duration-ms="11" started-at="2023-02-24T19:02:14 IST" finished-at="2023-02-24T19:02:14 IST">
          <reporter-output>
          </reporter-output>
        </test-method> <!-- duplicate_Character -->
      </class> <!-- Strings.Duplicates -->
    </test> <!-- Test -->
  </suite> <!-- Suite -->
</testng-results>
