<?xml version="1.0" encoding="UTF-8"?>
<testng-results ignored="1" total="7" passed="6" failed="0" skipped="0">
  <reporter-output>
  </reporter-output>
  <suite started-at="2023-03-01T13:10:15 IST" name="Suite" finished-at="2023-03-01T13:10:15 IST" duration-ms="113">
    <groups>
    </groups>
    <test started-at="2023-03-01T13:10:15 IST" name="Test" finished-at="2023-03-01T13:10:15 IST" duration-ms="113">
      <class name="Interview.Interview_Programs">
        <test-method signature="fibanacci()[pri:1, instance:Interview.Interview_Programs@45099dd3]" started-at="2023-03-01T13:10:15 IST" name="fibanacci" finished-at="2023-03-01T13:10:15 IST" duration-ms="2" status="PASS">
          <reporter-output>
          </reporter-output>
        </test-method> <!-- fibanacci -->
        <test-method signature="prime_Number()[pri:0, instance:Interview.Interview_Programs@45099dd3]" started-at="2023-03-01T13:10:15 IST" name="prime_Number" finished-at="2023-03-01T13:10:15 IST" depends-on-methods="Interview.Interview_Programs.fibanacci" duration-ms="1" status="PASS">
          <reporter-output>
          </reporter-output>
        </test-method> <!-- prime_Number -->
        <test-method signature="reverse_Pallindrome()[pri:0, instance:Interview.Interview_Programs@45099dd3]" started-at="2023-03-01T13:10:15 IST" name="reverse_Pallindrome" finished-at="2023-03-01T13:10:15 IST" depends-on-methods="Interview.Interview_Programs.prime_Number" duration-ms="3" status="PASS">
          <reporter-output>
          </reporter-output>
        </test-method> <!-- reverse_Pallindrome -->
        <test-method signature="pallindrome()[pri:0, instance:Interview.Interview_Programs@45099dd3]" started-at="2023-03-01T13:10:15 IST" name="pallindrome" finished-at="2023-03-01T13:10:15 IST" depends-on-methods="Interview.Interview_Programs.reverse_Pallindrome" duration-ms="2" status="PASS">
          <reporter-output>
          </reporter-output>
        </test-method> <!-- pallindrome -->
        <test-method signature="find_Duplicate_Characters()[pri:2, instance:Interview.Interview_Programs@45099dd3]" started-at="2023-03-01T13:10:15 IST" name="find_Duplicate_Characters" finished-at="2023-03-01T13:10:15 IST" duration-ms="4" status="PASS">
          <reporter-output>
          </reporter-output>
        </test-method> <!-- find_Duplicate_Characters -->
      </class> <!-- Interview.Interview_Programs -->
      <class name="Strings.Duplicates">
        <test-method signature="duplicate_Character()[pri:0, instance:Strings.Duplicates@6fdbe764]" started-at="2023-03-01T13:10:15 IST" name="duplicate_Character" finished-at="2023-03-01T13:10:15 IST" duration-ms="16" status="PASS">
          <reporter-output>
          </reporter-output>
        </test-method> <!-- duplicate_Character -->
      </class> <!-- Strings.Duplicates -->
    </test> <!-- Test -->
  </suite> <!-- Suite -->
</testng-results>
